CRITICAL - 2025-04-13 09:19:02 --> file_get_contents(): php_network_getaddresses: getaddrinfo failed: No such host is known. 
#0 [internal function]: CodeIgniter\Debug\Exceptions->errorHandler(2, 'file_get_conten...', 'G:\\My Drive\\Pro...', 169, Array)
#1 G:\My Drive\Program Web\pernikahan\app\Controllers\Home.php(169): file_get_contents('https://www.goo...')
#2 G:\My Drive\Program Web\pernikahan\system\CodeIgniter.php(832): App\Controllers\Home->aksi_login()
#3 G:\My Drive\Program Web\pernikahan\system\CodeIgniter.php(419): CodeIgniter\CodeIgniter->runController(Object(App\Controllers\Home))
#4 G:\My Drive\Program Web\pernikahan\system\CodeIgniter.php(326): CodeIgniter\CodeIgniter->handleRequest(NULL, Object(Config\Cache), false)
#5 G:\My Drive\Program Web\pernikahan\public\index.php(37): CodeIgniter\CodeIgniter->run()
#6 G:\My Drive\Program Web\pernikahan\system\Commands\Server\rewrite.php(43): require_once('G:\\My Drive\\Pro...')
#7 {main}
CRITICAL - 2025-04-13 10:18:22 --> file_get_contents(): php_network_getaddresses: getaddrinfo failed: No such host is known. 
#0 [internal function]: CodeIgniter\Debug\Exceptions->errorHandler(2, 'file_get_conten...', 'G:\\My Drive\\Pro...', 168, Array)
#1 G:\My Drive\Program Web\pernikahan\app\Controllers\Home.php(168): file_get_contents('https://www.goo...')
#2 G:\My Drive\Program Web\pernikahan\system\CodeIgniter.php(832): App\Controllers\Home->aksi_login()
#3 G:\My Drive\Program Web\pernikahan\system\CodeIgniter.php(419): CodeIgniter\CodeIgniter->runController(Object(App\Controllers\Home))
#4 G:\My Drive\Program Web\pernikahan\system\CodeIgniter.php(326): CodeIgniter\CodeIgniter->handleRequest(NULL, Object(Config\Cache), false)
#5 G:\My Drive\Program Web\pernikahan\public\index.php(37): CodeIgniter\CodeIgniter->run()
#6 G:\My Drive\Program Web\pernikahan\system\Commands\Server\rewrite.php(43): require_once('G:\\My Drive\\Pro...')
#7 {main}
CRITICAL - 2025-04-13 10:25:40 --> syntax error, unexpected 'public' (T_PUBLIC)
#0 G:\My Drive\Program Web\pernikahan\system\Router\Router.php(175): CodeIgniter\Router\Router->autoRoute('home/dashboard')
#1 G:\My Drive\Program Web\pernikahan\system\CodeIgniter.php(726): CodeIgniter\Router\Router->handle('home/dashboard')
#2 G:\My Drive\Program Web\pernikahan\system\CodeIgniter.php(368): CodeIgniter\CodeIgniter->tryToRouteIt(Object(CodeIgniter\Router\RouteCollection))
#3 G:\My Drive\Program Web\pernikahan\system\CodeIgniter.php(326): CodeIgniter\CodeIgniter->handleRequest(NULL, Object(Config\Cache), false)
#4 G:\My Drive\Program Web\pernikahan\public\index.php(37): CodeIgniter\CodeIgniter->run()
#5 G:\My Drive\Program Web\pernikahan\system\Commands\Server\rewrite.php(43): require_once('G:\\My Drive\\Pro...')
#6 {main}
CRITICAL - 2025-04-13 10:28:02 --> file_get_contents(): php_network_getaddresses: getaddrinfo failed: No such host is known. 
#0 [internal function]: CodeIgniter\Debug\Exceptions->errorHandler(2, 'file_get_conten...', 'G:\\My Drive\\Pro...', 177, Array)
#1 G:\My Drive\Program Web\pernikahan\app\Controllers\Home.php(177): file_get_contents('https://www.goo...')
#2 G:\My Drive\Program Web\pernikahan\system\CodeIgniter.php(832): App\Controllers\Home->aksi_login()
#3 G:\My Drive\Program Web\pernikahan\system\CodeIgniter.php(419): CodeIgniter\CodeIgniter->runController(Object(App\Controllers\Home))
#4 G:\My Drive\Program Web\pernikahan\system\CodeIgniter.php(326): CodeIgniter\CodeIgniter->handleRequest(NULL, Object(Config\Cache), false)
#5 G:\My Drive\Program Web\pernikahan\public\index.php(37): CodeIgniter\CodeIgniter->run()
#6 G:\My Drive\Program Web\pernikahan\system\Commands\Server\rewrite.php(43): require_once('G:\\My Drive\\Pro...')
#7 {main}
CRITICAL - 2025-04-13 10:32:07 --> syntax error, unexpected '}'
#0 G:\My Drive\Program Web\pernikahan\system\Router\Router.php(175): CodeIgniter\Router\Router->autoRoute('home/login')
#1 G:\My Drive\Program Web\pernikahan\system\CodeIgniter.php(726): CodeIgniter\Router\Router->handle('home/login')
#2 G:\My Drive\Program Web\pernikahan\system\CodeIgniter.php(368): CodeIgniter\CodeIgniter->tryToRouteIt(Object(CodeIgniter\Router\RouteCollection))
#3 G:\My Drive\Program Web\pernikahan\system\CodeIgniter.php(326): CodeIgniter\CodeIgniter->handleRequest(NULL, Object(Config\Cache), false)
#4 G:\My Drive\Program Web\pernikahan\public\index.php(37): CodeIgniter\CodeIgniter->run()
#5 G:\My Drive\Program Web\pernikahan\system\Commands\Server\rewrite.php(43): require_once('G:\\My Drive\\Pro...')
#6 {main}
CRITICAL - 2025-04-13 10:32:27 --> syntax error, unexpected '}'
#0 G:\My Drive\Program Web\pernikahan\system\Router\Router.php(175): CodeIgniter\Router\Router->autoRoute('home/login')
#1 G:\My Drive\Program Web\pernikahan\system\CodeIgniter.php(726): CodeIgniter\Router\Router->handle('home/login')
#2 G:\My Drive\Program Web\pernikahan\system\CodeIgniter.php(368): CodeIgniter\CodeIgniter->tryToRouteIt(Object(CodeIgniter\Router\RouteCollection))
#3 G:\My Drive\Program Web\pernikahan\system\CodeIgniter.php(326): CodeIgniter\CodeIgniter->handleRequest(NULL, Object(Config\Cache), false)
#4 G:\My Drive\Program Web\pernikahan\public\index.php(37): CodeIgniter\CodeIgniter->run()
#5 G:\My Drive\Program Web\pernikahan\system\Commands\Server\rewrite.php(43): require_once('G:\\My Drive\\Pro...')
#6 {main}
CRITICAL - 2025-04-13 10:33:36 --> syntax error, unexpected '}'
#0 G:\My Drive\Program Web\pernikahan\system\Router\Router.php(175): CodeIgniter\Router\Router->autoRoute('home/login')
#1 G:\My Drive\Program Web\pernikahan\system\CodeIgniter.php(726): CodeIgniter\Router\Router->handle('home/login')
#2 G:\My Drive\Program Web\pernikahan\system\CodeIgniter.php(368): CodeIgniter\CodeIgniter->tryToRouteIt(Object(CodeIgniter\Router\RouteCollection))
#3 G:\My Drive\Program Web\pernikahan\system\CodeIgniter.php(326): CodeIgniter\CodeIgniter->handleRequest(NULL, Object(Config\Cache), false)
#4 G:\My Drive\Program Web\pernikahan\public\index.php(37): CodeIgniter\CodeIgniter->run()
#5 G:\My Drive\Program Web\pernikahan\system\Commands\Server\rewrite.php(43): require_once('G:\\My Drive\\Pro...')
#6 {main}
