ERROR - 2025-05-12 07:31:55 --> Table 'tokohp.pasangan' doesn't exist
CRITICAL - 2025-05-12 07:31:55 --> Call to a member function getFirstRow() on bool
#0 G:\My Drive\Toko Hp\TokoHp\system\BaseModel.php(622): CodeIgniter\Model->doFirst()
#1 G:\My Drive\Toko Hp\TokoHp\app\Controllers\Home.php(55): CodeIgniter\BaseModel->first()
#2 G:\My Drive\Toko Hp\TokoHp\system\CodeIgniter.php(832): App\Controllers\Home->dashboard()
#3 G:\My Drive\Toko Hp\TokoHp\system\CodeIgniter.php(419): CodeIgniter\CodeIgniter->runController(Object(App\Controllers\Home))
#4 G:\My Drive\Toko Hp\TokoHp\system\CodeIgniter.php(326): CodeIgniter\CodeIgniter->handleRequest(NULL, Object(Config\Cache), false)
#5 G:\My Drive\Toko Hp\TokoHp\public\index.php(37): CodeIgniter\CodeIgniter->run()
#6 G:\My Drive\Toko Hp\TokoHp\system\Commands\Server\rewrite.php(43): require_once('G:\\My Drive\\Tok...')
#7 {main}
CRITICAL - 2025-05-12 07:32:23 --> Class 'App\Models\PasanganModel' not found
#0 G:\My Drive\Toko Hp\TokoHp\system\CodeIgniter.php(832): App\Controllers\Home->dashboard()
#1 G:\My Drive\Toko Hp\TokoHp\system\CodeIgniter.php(419): CodeIgniter\CodeIgniter->runController(Object(App\Controllers\Home))
#2 G:\My Drive\Toko Hp\TokoHp\system\CodeIgniter.php(326): CodeIgniter\CodeIgniter->handleRequest(NULL, Object(Config\Cache), false)
#3 G:\My Drive\Toko Hp\TokoHp\public\index.php(37): CodeIgniter\CodeIgniter->run()
#4 G:\My Drive\Toko Hp\TokoHp\system\Commands\Server\rewrite.php(43): require_once('G:\\My Drive\\Tok...')
#5 {main}
CRITICAL - 2025-05-12 10:21:55 --> syntax error, unexpected '<', expecting function (T_FUNCTION) or const (T_CONST)
#0 G:\My Drive\Toko Hp\TokoHp\system\Router\Router.php(175): CodeIgniter\Router\Router->autoRoute('Hp/menuHp')
#1 G:\My Drive\Toko Hp\TokoHp\system\CodeIgniter.php(726): CodeIgniter\Router\Router->handle('Hp/menuHp')
#2 G:\My Drive\Toko Hp\TokoHp\system\CodeIgniter.php(368): CodeIgniter\CodeIgniter->tryToRouteIt(Object(CodeIgniter\Router\RouteCollection))
#3 G:\My Drive\Toko Hp\TokoHp\system\CodeIgniter.php(326): CodeIgniter\CodeIgniter->handleRequest(NULL, Object(Config\Cache), false)
#4 G:\My Drive\Toko Hp\TokoHp\public\index.php(37): CodeIgniter\CodeIgniter->run()
#5 G:\My Drive\Toko Hp\TokoHp\system\Commands\Server\rewrite.php(43): require_once('G:\\My Drive\\Tok...')
#6 {main}
