CRITICAL - 2025-04-15 21:23:29 --> You must set the database table to be used with your query.
#0 G:\My Drive\Program Web\pernikahan\system\Model.php(545): CodeIgniter\Database\BaseConnection->table(NULL)
#1 G:\My Drive\Program Web\pernikahan\system\Model.php(722): CodeIgniter\Model->builder()
#2 G:\My Drive\Program Web\pernikahan\app\Controllers\Home.php(213): CodeIgniter\Model->__call('getAll', Array)
#3 G:\My Drive\Program Web\pernikahan\system\CodeIgniter.php(832): App\Controllers\Home->usr()
#4 G:\My Drive\Program Web\pernikahan\system\CodeIgniter.php(419): CodeIgniter\CodeIgniter->runController(Object(App\Controllers\Home))
#5 G:\My Drive\Program Web\pernikahan\system\CodeIgniter.php(326): CodeIgniter\CodeIgniter->handleRequest(NULL, Object(Config\Cache), false)
#6 G:\My Drive\Program Web\pernikahan\public\index.php(37): CodeIgniter\CodeIgniter->run()
#7 G:\My Drive\Program Web\pernikahan\system\Commands\Server\rewrite.php(43): require_once('G:\\My Drive\\Pro...')
#8 {main}
CRITICAL - 2025-04-15 21:25:02 --> You must set the database table to be used with your query.
#0 G:\My Drive\Program Web\pernikahan\system\Model.php(545): CodeIgniter\Database\BaseConnection->table(NULL)
#1 G:\My Drive\Program Web\pernikahan\system\Model.php(722): CodeIgniter\Model->builder()
#2 G:\My Drive\Program Web\pernikahan\app\Controllers\Home.php(213): CodeIgniter\Model->__call('getAll', Array)
#3 G:\My Drive\Program Web\pernikahan\system\CodeIgniter.php(832): App\Controllers\Home->usr()
#4 G:\My Drive\Program Web\pernikahan\system\CodeIgniter.php(419): CodeIgniter\CodeIgniter->runController(Object(App\Controllers\Home))
#5 G:\My Drive\Program Web\pernikahan\system\CodeIgniter.php(326): CodeIgniter\CodeIgniter->handleRequest(NULL, Object(Config\Cache), false)
#6 G:\My Drive\Program Web\pernikahan\public\index.php(37): CodeIgniter\CodeIgniter->run()
#7 G:\My Drive\Program Web\pernikahan\system\Commands\Server\rewrite.php(43): require_once('G:\\My Drive\\Pro...')
#8 {main}
CRITICAL - 2025-04-15 21:29:56 --> Cannot use object of type stdClass as array
#0 G:\My Drive\Program Web\pernikahan\system\View\View.php(210): include()
#1 G:\My Drive\Program Web\pernikahan\system\View\View.php(213): CodeIgniter\View\View->CodeIgniter\View\{closure}()
#2 G:\My Drive\Program Web\pernikahan\system\Common.php(1089): CodeIgniter\View\View->render('tabeluser', Array, true)
#3 G:\My Drive\Program Web\pernikahan\app\Controllers\Home.php(216): view('tabeluser', Array)
#4 G:\My Drive\Program Web\pernikahan\system\CodeIgniter.php(832): App\Controllers\Home->usr()
#5 G:\My Drive\Program Web\pernikahan\system\CodeIgniter.php(419): CodeIgniter\CodeIgniter->runController(Object(App\Controllers\Home))
#6 G:\My Drive\Program Web\pernikahan\system\CodeIgniter.php(326): CodeIgniter\CodeIgniter->handleRequest(NULL, Object(Config\Cache), false)
#7 G:\My Drive\Program Web\pernikahan\public\index.php(37): CodeIgniter\CodeIgniter->run()
#8 G:\My Drive\Program Web\pernikahan\system\Commands\Server\rewrite.php(43): require_once('G:\\My Drive\\Pro...')
#9 {main}
CRITICAL - 2025-04-15 21:31:00 --> Cannot use object of type stdClass as array
#0 G:\My Drive\Program Web\pernikahan\system\View\View.php(210): include()
#1 G:\My Drive\Program Web\pernikahan\system\View\View.php(213): CodeIgniter\View\View->CodeIgniter\View\{closure}()
#2 G:\My Drive\Program Web\pernikahan\system\Common.php(1089): CodeIgniter\View\View->render('tabeluser', Array, true)
#3 G:\My Drive\Program Web\pernikahan\app\Controllers\Home.php(216): view('tabeluser', Array)
#4 G:\My Drive\Program Web\pernikahan\system\CodeIgniter.php(832): App\Controllers\Home->usr()
#5 G:\My Drive\Program Web\pernikahan\system\CodeIgniter.php(419): CodeIgniter\CodeIgniter->runController(Object(App\Controllers\Home))
#6 G:\My Drive\Program Web\pernikahan\system\CodeIgniter.php(326): CodeIgniter\CodeIgniter->handleRequest(NULL, Object(Config\Cache), false)
#7 G:\My Drive\Program Web\pernikahan\public\index.php(37): CodeIgniter\CodeIgniter->run()
#8 G:\My Drive\Program Web\pernikahan\system\Commands\Server\rewrite.php(43): require_once('G:\\My Drive\\Pro...')
#9 {main}
CRITICAL - 2025-04-15 21:31:33 --> Cannot use object of type stdClass as array
#0 G:\My Drive\Program Web\pernikahan\system\View\View.php(210): include()
#1 G:\My Drive\Program Web\pernikahan\system\View\View.php(213): CodeIgniter\View\View->CodeIgniter\View\{closure}()
#2 G:\My Drive\Program Web\pernikahan\system\Common.php(1089): CodeIgniter\View\View->render('tabeluser', Array, true)
#3 G:\My Drive\Program Web\pernikahan\app\Controllers\Home.php(216): view('tabeluser', Array)
#4 G:\My Drive\Program Web\pernikahan\system\CodeIgniter.php(832): App\Controllers\Home->usr()
#5 G:\My Drive\Program Web\pernikahan\system\CodeIgniter.php(419): CodeIgniter\CodeIgniter->runController(Object(App\Controllers\Home))
#6 G:\My Drive\Program Web\pernikahan\system\CodeIgniter.php(326): CodeIgniter\CodeIgniter->handleRequest(NULL, Object(Config\Cache), false)
#7 G:\My Drive\Program Web\pernikahan\public\index.php(37): CodeIgniter\CodeIgniter->run()
#8 G:\My Drive\Program Web\pernikahan\system\Commands\Server\rewrite.php(43): require_once('G:\\My Drive\\Pro...')
#9 {main}
CRITICAL - 2025-04-15 21:31:49 --> Cannot use object of type stdClass as array
#0 G:\My Drive\Program Web\pernikahan\system\View\View.php(210): include()
#1 G:\My Drive\Program Web\pernikahan\system\View\View.php(213): CodeIgniter\View\View->CodeIgniter\View\{closure}()
#2 G:\My Drive\Program Web\pernikahan\system\Common.php(1089): CodeIgniter\View\View->render('tabeluser', Array, true)
#3 G:\My Drive\Program Web\pernikahan\app\Controllers\Home.php(216): view('tabeluser', Array)
#4 G:\My Drive\Program Web\pernikahan\system\CodeIgniter.php(832): App\Controllers\Home->usr()
#5 G:\My Drive\Program Web\pernikahan\system\CodeIgniter.php(419): CodeIgniter\CodeIgniter->runController(Object(App\Controllers\Home))
#6 G:\My Drive\Program Web\pernikahan\system\CodeIgniter.php(326): CodeIgniter\CodeIgniter->handleRequest(NULL, Object(Config\Cache), false)
#7 G:\My Drive\Program Web\pernikahan\public\index.php(37): CodeIgniter\CodeIgniter->run()
#8 G:\My Drive\Program Web\pernikahan\system\Commands\Server\rewrite.php(43): require_once('G:\\My Drive\\Pro...')
#9 {main}
CRITICAL - 2025-04-15 21:34:59 --> Cannot use object of type stdClass as array
#0 G:\My Drive\Program Web\pernikahan\system\View\View.php(210): include()
#1 G:\My Drive\Program Web\pernikahan\system\View\View.php(213): CodeIgniter\View\View->CodeIgniter\View\{closure}()
#2 G:\My Drive\Program Web\pernikahan\system\Common.php(1089): CodeIgniter\View\View->render('tabeluser', Array, true)
#3 G:\My Drive\Program Web\pernikahan\app\Controllers\Home.php(216): view('tabeluser', Array)
#4 G:\My Drive\Program Web\pernikahan\system\CodeIgniter.php(832): App\Controllers\Home->usr()
#5 G:\My Drive\Program Web\pernikahan\system\CodeIgniter.php(419): CodeIgniter\CodeIgniter->runController(Object(App\Controllers\Home))
#6 G:\My Drive\Program Web\pernikahan\system\CodeIgniter.php(326): CodeIgniter\CodeIgniter->handleRequest(NULL, Object(Config\Cache), false)
#7 G:\My Drive\Program Web\pernikahan\public\index.php(37): CodeIgniter\CodeIgniter->run()
#8 G:\My Drive\Program Web\pernikahan\system\Commands\Server\rewrite.php(43): require_once('G:\\My Drive\\Pro...')
#9 {main}
CRITICAL - 2025-04-15 21:35:35 --> Cannot use object of type stdClass as array
#0 G:\My Drive\Program Web\pernikahan\system\View\View.php(210): include()
#1 G:\My Drive\Program Web\pernikahan\system\View\View.php(213): CodeIgniter\View\View->CodeIgniter\View\{closure}()
#2 G:\My Drive\Program Web\pernikahan\system\Common.php(1089): CodeIgniter\View\View->render('tabeluser', Array, true)
#3 G:\My Drive\Program Web\pernikahan\app\Controllers\Home.php(216): view('tabeluser', Array)
#4 G:\My Drive\Program Web\pernikahan\system\CodeIgniter.php(832): App\Controllers\Home->usr()
#5 G:\My Drive\Program Web\pernikahan\system\CodeIgniter.php(419): CodeIgniter\CodeIgniter->runController(Object(App\Controllers\Home))
#6 G:\My Drive\Program Web\pernikahan\system\CodeIgniter.php(326): CodeIgniter\CodeIgniter->handleRequest(NULL, Object(Config\Cache), false)
#7 G:\My Drive\Program Web\pernikahan\public\index.php(37): CodeIgniter\CodeIgniter->run()
#8 G:\My Drive\Program Web\pernikahan\system\Commands\Server\rewrite.php(43): require_once('G:\\My Drive\\Pro...')
#9 {main}
CRITICAL - 2025-04-15 21:38:37 --> Cannot use object of type stdClass as array
#0 G:\My Drive\Program Web\pernikahan\system\View\View.php(210): include()
#1 G:\My Drive\Program Web\pernikahan\system\View\View.php(213): CodeIgniter\View\View->CodeIgniter\View\{closure}()
#2 G:\My Drive\Program Web\pernikahan\system\Common.php(1089): CodeIgniter\View\View->render('tabeluser', Array, true)
#3 G:\My Drive\Program Web\pernikahan\app\Controllers\Home.php(221): view('tabeluser', Array)
#4 G:\My Drive\Program Web\pernikahan\system\CodeIgniter.php(832): App\Controllers\Home->usr()
#5 G:\My Drive\Program Web\pernikahan\system\CodeIgniter.php(419): CodeIgniter\CodeIgniter->runController(Object(App\Controllers\Home))
#6 G:\My Drive\Program Web\pernikahan\system\CodeIgniter.php(326): CodeIgniter\CodeIgniter->handleRequest(NULL, Object(Config\Cache), false)
#7 G:\My Drive\Program Web\pernikahan\public\index.php(37): CodeIgniter\CodeIgniter->run()
#8 G:\My Drive\Program Web\pernikahan\system\Commands\Server\rewrite.php(43): require_once('G:\\My Drive\\Pro...')
#9 {main}
CRITICAL - 2025-04-15 21:45:49 --> Undefined array key "delete_status"
#0 G:\My Drive\Program Web\pernikahan\app\Views\tabeluser.php(72): CodeIgniter\Debug\Exceptions->errorHandler(2, 'Undefined array...', 'G:\\My Drive\\Pro...', 72)
#1 G:\My Drive\Program Web\pernikahan\system\View\View.php(210): include('G:\\My Drive\\Pro...')
#2 G:\My Drive\Program Web\pernikahan\system\View\View.php(213): CodeIgniter\View\View->CodeIgniter\View\{closure}()
#3 G:\My Drive\Program Web\pernikahan\system\Common.php(1089): CodeIgniter\View\View->render('tabeluser', Array, true)
#4 G:\My Drive\Program Web\pernikahan\app\Controllers\Home.php(221): view('tabeluser', Array)
#5 G:\My Drive\Program Web\pernikahan\system\CodeIgniter.php(832): App\Controllers\Home->usr()
#6 G:\My Drive\Program Web\pernikahan\system\CodeIgniter.php(419): CodeIgniter\CodeIgniter->runController(Object(App\Controllers\Home))
#7 G:\My Drive\Program Web\pernikahan\system\CodeIgniter.php(326): CodeIgniter\CodeIgniter->handleRequest(NULL, Object(Config\Cache), false)
#8 G:\My Drive\Program Web\pernikahan\public\index.php(37): CodeIgniter\CodeIgniter->run()
#9 G:\My Drive\Program Web\pernikahan\system\Commands\Server\rewrite.php(43): require_once('G:\\My Drive\\Pro...')
#10 {main}
CRITICAL - 2025-04-15 21:46:20 --> Undefined array key "delete_status"
#0 G:\My Drive\Program Web\pernikahan\app\Views\tabeluser.php(72): CodeIgniter\Debug\Exceptions->errorHandler(2, 'Undefined array...', 'G:\\My Drive\\Pro...', 72)
#1 G:\My Drive\Program Web\pernikahan\system\View\View.php(210): include('G:\\My Drive\\Pro...')
#2 G:\My Drive\Program Web\pernikahan\system\View\View.php(213): CodeIgniter\View\View->CodeIgniter\View\{closure}()
#3 G:\My Drive\Program Web\pernikahan\system\Common.php(1089): CodeIgniter\View\View->render('tabeluser', Array, true)
#4 G:\My Drive\Program Web\pernikahan\app\Controllers\Home.php(221): view('tabeluser', Array)
#5 G:\My Drive\Program Web\pernikahan\system\CodeIgniter.php(832): App\Controllers\Home->usr()
#6 G:\My Drive\Program Web\pernikahan\system\CodeIgniter.php(419): CodeIgniter\CodeIgniter->runController(Object(App\Controllers\Home))
#7 G:\My Drive\Program Web\pernikahan\system\CodeIgniter.php(326): CodeIgniter\CodeIgniter->handleRequest(NULL, Object(Config\Cache), false)
#8 G:\My Drive\Program Web\pernikahan\public\index.php(37): CodeIgniter\CodeIgniter->run()
#9 G:\My Drive\Program Web\pernikahan\system\Commands\Server\rewrite.php(43): require_once('G:\\My Drive\\Pro...')
#10 {main}
CRITICAL - 2025-04-15 21:47:08 --> Undefined array key "delete_status"
#0 G:\My Drive\Program Web\pernikahan\app\Views\tabeluser.php(72): CodeIgniter\Debug\Exceptions->errorHandler(2, 'Undefined array...', 'G:\\My Drive\\Pro...', 72)
#1 G:\My Drive\Program Web\pernikahan\system\View\View.php(210): include('G:\\My Drive\\Pro...')
#2 G:\My Drive\Program Web\pernikahan\system\View\View.php(213): CodeIgniter\View\View->CodeIgniter\View\{closure}()
#3 G:\My Drive\Program Web\pernikahan\system\Common.php(1089): CodeIgniter\View\View->render('tabeluser', Array, true)
#4 G:\My Drive\Program Web\pernikahan\app\Controllers\Home.php(221): view('tabeluser', Array)
#5 G:\My Drive\Program Web\pernikahan\system\CodeIgniter.php(832): App\Controllers\Home->usr()
#6 G:\My Drive\Program Web\pernikahan\system\CodeIgniter.php(419): CodeIgniter\CodeIgniter->runController(Object(App\Controllers\Home))
#7 G:\My Drive\Program Web\pernikahan\system\CodeIgniter.php(326): CodeIgniter\CodeIgniter->handleRequest(NULL, Object(Config\Cache), false)
#8 G:\My Drive\Program Web\pernikahan\public\index.php(37): CodeIgniter\CodeIgniter->run()
#9 G:\My Drive\Program Web\pernikahan\system\Commands\Server\rewrite.php(43): require_once('G:\\My Drive\\Pro...')
#10 {main}
CRITICAL - 2025-04-15 21:49:34 --> Undefined array key "delete_status"
#0 G:\My Drive\Program Web\pernikahan\app\Views\tabeluser.php(72): CodeIgniter\Debug\Exceptions->errorHandler(2, 'Undefined array...', 'G:\\My Drive\\Pro...', 72)
#1 G:\My Drive\Program Web\pernikahan\system\View\View.php(210): include('G:\\My Drive\\Pro...')
#2 G:\My Drive\Program Web\pernikahan\system\View\View.php(213): CodeIgniter\View\View->CodeIgniter\View\{closure}()
#3 G:\My Drive\Program Web\pernikahan\system\Common.php(1089): CodeIgniter\View\View->render('tabeluser', Array, true)
#4 G:\My Drive\Program Web\pernikahan\app\Controllers\Home.php(221): view('tabeluser', Array)
#5 G:\My Drive\Program Web\pernikahan\system\CodeIgniter.php(832): App\Controllers\Home->usr()
#6 G:\My Drive\Program Web\pernikahan\system\CodeIgniter.php(419): CodeIgniter\CodeIgniter->runController(Object(App\Controllers\Home))
#7 G:\My Drive\Program Web\pernikahan\system\CodeIgniter.php(326): CodeIgniter\CodeIgniter->handleRequest(NULL, Object(Config\Cache), false)
#8 G:\My Drive\Program Web\pernikahan\public\index.php(37): CodeIgniter\CodeIgniter->run()
#9 G:\My Drive\Program Web\pernikahan\system\Commands\Server\rewrite.php(43): require_once('G:\\My Drive\\Pro...')
#10 {main}
CRITICAL - 2025-04-15 21:58:16 --> You must set the database table to be used with your query.
#0 G:\My Drive\Program Web\pernikahan\app\Models\M_der.php(56): CodeIgniter\Database\BaseConnection->table('0')
#1 G:\My Drive\Program Web\pernikahan\app\Controllers\Home.php(229): App\Models\M_der->hapus('0', '0')
#2 G:\My Drive\Program Web\pernikahan\system\CodeIgniter.php(832): App\Controllers\Home->deleteuser('0')
#3 G:\My Drive\Program Web\pernikahan\system\CodeIgniter.php(419): CodeIgniter\CodeIgniter->runController(Object(App\Controllers\Home))
#4 G:\My Drive\Program Web\pernikahan\system\CodeIgniter.php(326): CodeIgniter\CodeIgniter->handleRequest(NULL, Object(Config\Cache), false)
#5 G:\My Drive\Program Web\pernikahan\public\index.php(37): CodeIgniter\CodeIgniter->run()
#6 G:\My Drive\Program Web\pernikahan\system\Commands\Server\rewrite.php(43): require_once('G:\\My Drive\\Pro...')
#7 {main}
